<?xml version="1.0" encoding="UTF-8"?>
<!-- Generated by org.testng.reporters.JUnitReportReporter -->
<testsuite skipped="0" hostname="codeLover.local" name="rythmProject.Exercise" tests="1" failures="0" timestamp="29 Jul 2019 23:07:26 GMT" time="0.009" errors="0">
  <testcase name="LongestWordLength" time="0.009" classname="rythmProject.Exercise"/>
</testsuite> <!-- rythmProject.Exercise -->
